packages/control-centre/src/components/Breach/BreachForm.tsx(2,24): error TS2307: Cannot find module '../common/Button' or its corresponding type declarations.
packages/control-centre/src/components/Breach/BreachStatusBadge.tsx(1,29): error TS2307: Cannot find module '../common/StatusBadge' or its corresponding type declarations.
packages/control-centre/src/components/Breach/CertInReportModal.tsx(1,23): error TS2307: Cannot find module '../common/Modal' or its corresponding type declarations.
packages/control-centre/src/components/Breach/CertInReportModal.tsx(2,24): error TS2307: Cannot find module '../common/Button' or its corresponding type declarations.
packages/control-centre/src/components/Consent/NoticeForm.tsx(3,24): error TS2307: Cannot find module '../common/Button' or its corresponding type declarations.
packages/control-centre/src/components/Consent/TranslationManagementModal.tsx(4,24): error TS2307: Cannot find module '../common/Button' or its corresponding type declarations.
packages/control-centre/src/components/Consent/TranslationManagementModal.tsx(5,29): error TS2307: Cannot find module '../common/StatusBadge' or its corresponding type declarations.
packages/control-centre/src/components/Consent/TranslationManagementModal.tsx(6,23): error TS2307: Cannot find module '../common/Modal' or its corresponding type declarations.
packages/control-centre/src/components/Consent/TranslationOverrideModal.tsx(4,24): error TS2307: Cannot find module '../common/Button' or its corresponding type declarations.
packages/control-centre/src/components/Consent/WidgetBuilder.tsx(3,24): error TS2307: Cannot find module '../ui/button' or its corresponding type declarations.
packages/control-centre/src/components/Consent/WidgetBuilder.tsx(4,23): error TS2307: Cannot find module '../ui/input' or its corresponding type declarations.
packages/control-centre/src/components/Consent/WidgetBuilder.tsx(5,23): error TS2307: Cannot find module '../ui/label' or its corresponding type declarations.
packages/control-centre/src/components/Consent/WidgetBuilder.tsx(12,8): error TS2307: Cannot find module '../ui/select' or its corresponding type declarations.
packages/control-centre/src/components/Consent/WidgetBuilder.tsx(129,44): error TS7006: Parameter 'e' implicitly has an 'any' type.
packages/control-centre/src/components/Consent/WidgetBuilder.tsx(137,44): error TS7006: Parameter 'e' implicitly has an 'any' type.
packages/control-centre/src/components/Consent/WidgetBuilder.tsx(145,49): error TS7006: Parameter 'val' implicitly has an 'any' type.
packages/control-centre/src/components/Consent/WidgetBuilder.tsx(189,56): error TS7006: Parameter 'e' implicitly has an 'any' type.
packages/control-centre/src/components/Consent/WidgetBuilder.tsx(195,52): error TS7006: Parameter 'e' implicitly has an 'any' type.
packages/control-centre/src/components/Consent/WidgetBuilder.tsx(208,56): error TS7006: Parameter 'e' implicitly has an 'any' type.
packages/control-centre/src/components/Consent/WidgetBuilder.tsx(214,52): error TS7006: Parameter 'e' implicitly has an 'any' type.
packages/control-centre/src/components/Consent/WidgetBuilder.tsx(237,49): error TS7006: Parameter 'val' implicitly has an 'any' type.
packages/control-centre/src/components/Dashboard/StatCard.tsx(2,35): error TS2307: Cannot find module '../ui/card' or its corresponding type declarations.
packages/control-centre/src/components/DataSources/GoogleScopeConfig.tsx(3,24): error TS2307: Cannot find module '../common/Button' or its corresponding type declarations.
packages/control-centre/src/components/DataSources/ScanHistoryModal.tsx(1,23): error TS2307: Cannot find module '../common/Modal' or its corresponding type declarations.
packages/control-centre/src/components/DataSources/ScanHistoryModal.tsx(2,27): error TS2307: Cannot find module '../DataTable/DataTable' or its corresponding type declarations.
packages/control-centre/src/components/DataSources/ScanHistoryModal.tsx(3,29): error TS2307: Cannot find module '../common/StatusBadge' or its corresponding type declarations.
packages/control-centre/src/components/DataSources/ScanHistoryModal.tsx(6,29): error TS2307: Cannot find module '../DataTable/DataTable' or its corresponding type declarations.
packages/control-centre/src/components/DataSources/ScanHistoryModal.tsx(20,22): error TS7006: Parameter 'row' implicitly has an 'any' type.
packages/control-centre/src/components/DataSources/ScanHistoryModal.tsx(26,22): error TS7006: Parameter 'row' implicitly has an 'any' type.
packages/control-centre/src/components/DataSources/ScanHistoryModal.tsx(32,22): error TS7006: Parameter 'row' implicitly has an 'any' type.
packages/control-centre/src/components/DataSources/ScanHistoryModal.tsx(38,22): error TS7006: Parameter 'row' implicitly has an 'any' type.
packages/control-centre/src/components/DataSources/ScanHistoryModal.tsx(48,22): error TS7006: Parameter 'row' implicitly has an 'any' type.
packages/control-centre/src/components/DataSources/ScanHistoryModal.tsx(70,36): error TS7006: Parameter 'row' implicitly has an 'any' type.
packages/control-centre/src/components/DSR/CreateDSRModal.tsx(2,23): error TS2307: Cannot find module '../common/Modal' or its corresponding type declarations.
packages/control-centre/src/components/DSR/CreateDSRModal.tsx(3,24): error TS2307: Cannot find module '../common/Button' or its corresponding type declarations.
packages/control-centre/src/components/Governance/Lineage/NodeDetailsPanel.tsx(4,29): error TS2307: Cannot find module '../../common/StatusBadge' or its corresponding type declarations.
packages/control-centre/src/components/Governance/Lineage/NodeDetailsPanel.tsx(5,24): error TS2307: Cannot find module '../../common/Button' or its corresponding type declarations.
packages/control-centre/src/components/Governance/PolicyForm.tsx(4,24): error TS2307: Cannot find module '../ui/button' or its corresponding type declarations.
packages/control-centre/src/components/Governance/PolicyForm.tsx(5,23): error TS2307: Cannot find module '../ui/input' or its corresponding type declarations.
packages/control-centre/src/components/Governance/PolicyForm.tsx(6,26): error TS2307: Cannot find module '../ui/textarea' or its corresponding type declarations.
packages/control-centre/src/components/Governance/PolicyForm.tsx(14,8): error TS2307: Cannot find module '../ui/form' or its corresponding type declarations.
packages/control-centre/src/components/Governance/PolicyForm.tsx(21,8): error TS2307: Cannot find module '../ui/select' or its corresponding type declarations.
packages/control-centre/src/components/Governance/PolicyForm.tsx(60,32): error TS7031: Binding element 'field' implicitly has an 'any' type.
packages/control-centre/src/components/Governance/PolicyForm.tsx(74,32): error TS7031: Binding element 'field' implicitly has an 'any' type.
packages/control-centre/src/components/Governance/PolicyForm.tsx(98,32): error TS7031: Binding element 'field' implicitly has an 'any' type.
packages/control-centre/src/pages/Governance/PurposeMapping.tsx(101,25): error TS2322: Type '"default"' is not assignable to type '"secondary" | "outline" | "ghost" | "primary" | "danger" | undefined'.
