packages/portal/src/components/DPRRequestModal.tsx(3,31): error TS2307: Cannot find module '../../services/portalService' or its corresponding type declarations.
packages/portal/src/components/DPRRequestModal.tsx(4,23): error TS2307: Cannot find module '../common/Modal' or its corresponding type declarations.
packages/portal/src/components/DPRRequestModal.tsx(5,24): error TS2307: Cannot find module '../common/Button' or its corresponding type declarations.
packages/portal/src/components/DPRRequestModal.tsx(7,37): error TS2307: Cannot find module '../../types/portal' or its corresponding type declarations.
packages/portal/src/components/DPRRequestModal.tsx(47,16): error TS2345: Argument of type '{ type: CreateDPRInput; description: string; is_minor: boolean; guardian_name: string | undefined; guardian_email: string | undefined; }' is not assignable to parameter of type 'void'.
packages/portal/src/components/GuardianVerifyModal.tsx(3,31): error TS2307: Cannot find module '../../services/portalService' or its corresponding type declarations.
packages/portal/src/components/GuardianVerifyModal.tsx(4,23): error TS2307: Cannot find module '../common/Modal' or its corresponding type declarations.
packages/portal/src/components/GuardianVerifyModal.tsx(5,24): error TS2307: Cannot find module '../common/Button' or its corresponding type declarations.
packages/portal/src/components/GuardianVerifyModal.tsx(6,26): error TS2307: Cannot find module '../common/OTPInput' or its corresponding type declarations.
packages/portal/src/components/GuardianVerifyModal.tsx(65,33): error TS2345: Argument of type 'string' is not assignable to parameter of type 'void'.
packages/portal/src/components/GuardianVerifyModal.tsx(71,31): error TS2345: Argument of type 'string' is not assignable to parameter of type 'void'.
packages/portal/src/components/GuardianVerifyModal.tsx(139,68): error TS2345: Argument of type 'string' is not assignable to parameter of type 'void'.
packages/portal/src/components/IdentityCard.tsx(4,31): error TS2307: Cannot find module '../../services/portalService' or its corresponding type declarations.
packages/portal/src/components/IdentityCard.tsx(46,35): error TS2339: Property 'assurance_level' does not exist on type '{}'.
packages/portal/src/components/IdentityCard.tsx(47,37): error TS2339: Property 'profile' does not exist on type '{}'.
packages/portal/src/components/PortalProtectedRoute.tsx(2,36): error TS2307: Cannot find module '../../stores/portalAuthStore' or its corresponding type declarations.
packages/portal/src/components/PortalProtectedRoute.tsx(5,49): error TS7006: Parameter 'state' implicitly has an 'any' type.
packages/portal/src/pages/ConsentManage.tsx(3,31): error TS2307: Cannot find module '../../services/portalService' or its corresponding type declarations.
packages/portal/src/pages/ConsentManage.tsx(54,17): error TS18046: 'consents' is of type 'unknown'.
packages/portal/src/pages/ConsentManage.tsx(62,22): error TS18046: 'consents' is of type 'unknown'.
packages/portal/src/pages/ConsentManage.tsx(62,36): error TS7006: Parameter 'consent' implicitly has an 'any' type.
packages/portal/src/pages/ConsentManage.tsx(126,61): error TS2345: Argument of type 'string' is not assignable to parameter of type 'void'.
packages/portal/src/pages/Dashboard.tsx(2,36): error TS2307: Cannot find module '../../stores/portalAuthStore' or its corresponding type declarations.
packages/portal/src/pages/Dashboard.tsx(3,30): error TS2307: Cannot find module '../../components/Portal/IdentityCard' or its corresponding type declarations.
packages/portal/src/pages/Dashboard.tsx(7,40): error TS7006: Parameter 'state' implicitly has an 'any' type.
packages/portal/src/pages/Grievance/MyGrievances.tsx(3,31): error TS2307: Cannot find module '../../../services/portalService' or its corresponding type declarations.
packages/portal/src/pages/Grievance/MyGrievances.tsx(10,32): error TS2307: Cannot find module '../../../types/grievance' or its corresponding type declarations.
packages/portal/src/pages/Grievance/SubmitGrievance.tsx(4,31): error TS2307: Cannot find module '../../../services/portalService' or its corresponding type declarations.
packages/portal/src/pages/Grievance/SubmitGrievance.tsx(26,25): error TS2345: Argument of type '{ subject: string; category: string; description: string; }' is not assignable to parameter of type 'void'.
packages/portal/src/pages/History.tsx(2,31): error TS2307: Cannot find module '../../services/portalService' or its corresponding type declarations.
packages/portal/src/pages/History.tsx(34,37): error TS7006: Parameter 'entry' implicitly has an 'any' type.
packages/portal/src/pages/Login.tsx(2,36): error TS2307: Cannot find module '../../stores/portalAuthStore' or its corresponding type declarations.
packages/portal/src/pages/Login.tsx(4,31): error TS2307: Cannot find module '../../services/portalService' or its corresponding type declarations.
packages/portal/src/pages/Login.tsx(14,40): error TS7006: Parameter 'state' implicitly has an 'any' type.
packages/portal/src/pages/Profile.tsx(3,31): error TS2307: Cannot find module '../../services/portalService' or its corresponding type declarations.
packages/portal/src/pages/Profile.tsx(4,30): error TS2307: Cannot find module '../../components/Portal/IdentityCard' or its corresponding type declarations.
packages/portal/src/pages/Profile.tsx(5,37): error TS2307: Cannot find module '../../components/Portal/GuardianVerifyModal' or its corresponding type declarations.
packages/portal/src/pages/Profile.tsx(28,45): error TS2339: Property 'verification_status' does not exist on type '{}'.
packages/portal/src/pages/Profile.tsx(44,85): error TS2339: Property 'email' does not exist on type '{}'.
packages/portal/src/pages/Profile.tsx(48,34): error TS2339: Property 'phone' does not exist on type '{}'.
packages/portal/src/pages/Profile.tsx(53,89): error TS2339: Property 'phone' does not exist on type '{}'.
packages/portal/src/pages/Profile.tsx(63,46): error TS2339: Property 'created_at' does not exist on type '{}'.
packages/portal/src/pages/Profile.tsx(63,83): error TS2339: Property 'created_at' does not exist on type '{}'.
packages/portal/src/pages/Profile.tsx(75,30): error TS2339: Property 'is_minor' does not exist on type '{}'.
packages/portal/src/pages/Profile.tsx(82,38): error TS2339: Property 'guardian_verified' does not exist on type '{}'.
packages/portal/src/pages/Profile.tsx(86,65): error TS2339: Property 'guardian_email' does not exist on type '{}'.
packages/portal/src/pages/RequestNew.tsx(4,31): error TS2307: Cannot find module '../../services/portalService' or its corresponding type declarations.
packages/portal/src/pages/RequestNew.tsx(5,36): error TS2307: Cannot find module '../../stores/portalAuthStore' or its corresponding type declarations.
packages/portal/src/pages/RequestNew.tsx(8,37): error TS2307: Cannot find module '../../types/portal' or its corresponding type declarations.
packages/portal/src/pages/RequestNew.tsx(10,37): error TS2307: Cannot find module '../../components/Portal/GuardianVerifyModal' or its corresponding type declarations.
packages/portal/src/pages/RequestNew.tsx(15,40): error TS7006: Parameter 'state' implicitly has an 'any' type.
packages/portal/src/pages/RequestNew.tsx(50,16): error TS2345: Argument of type '{ type: CreateDPRInput; description: string; is_minor: any; }' is not assignable to parameter of type 'void'.
packages/portal/src/pages/Requests.tsx(2,31): error TS2307: Cannot find module '../../services/portalService' or its corresponding type declarations.
packages/portal/src/pages/Requests.tsx(54,41): error TS7006: Parameter 'req' implicitly has an 'any' type.
packages/portal/src/services/portalService.ts(12,45): error TS2307: Cannot find module '../types/identity' or its corresponding type declarations.
packages/portal/src/services/portalService.ts(13,56): error TS2307: Cannot find module '../types/grievance' or its corresponding type declarations.
